<?xml version="1.0" encoding="UTF-8"?>
<coverage generated="1664536195283" clover="3.2.0">
  <project timestamp="1664536195283" name="All files">
    <metrics statements="23" coveredstatements="23" conditionals="0" coveredconditionals="0" methods="25" coveredmethods="25" elements="48" coveredelements="48" complexity="0" loc="23" ncloc="23" packages="1" files="4" classes="4"/>
    <file name="base.js" path="/home/richard/Desktop/rjmacarthy/machine-learning/cognative/lib/base.js">
      <metrics statements="6" coveredstatements="6" conditionals="0" coveredconditionals="0" methods="5" coveredmethods="5"/>
      <line num="4" count="2" type="stmt"/>
      <line num="5" count="4" type="stmt"/>
      <line num="6" count="11" type="stmt"/>
      <line num="8" count="2" type="stmt"/>
      <line num="9" count="4" type="stmt"/>
      <line num="11" count="12" type="stmt"/>
    </file>
    <file name="math.js" path="/home/richard/Desktop/rjmacarthy/machine-learning/cognative/lib/math.js">
      <metrics statements="12" coveredstatements="12" conditionals="0" coveredconditionals="0" methods="13" coveredmethods="13"/>
      <line num="6" count="6" type="stmt"/>
      <line num="8" count="1" type="stmt"/>
      <line num="9" count="1" type="stmt"/>
      <line num="11" count="6" type="stmt"/>
      <line num="15" count="1" type="stmt"/>
      <line num="16" count="1" type="stmt"/>
      <line num="18" count="6" type="stmt"/>
      <line num="22" count="1" type="stmt"/>
      <line num="23" count="1" type="stmt"/>
      <line num="24" count="1" type="stmt"/>
      <line num="25" count="3" type="stmt"/>
      <line num="26" count="6" type="stmt"/>
    </file>
    <file name="rotate.js" path="/home/richard/Desktop/rjmacarthy/machine-learning/cognative/lib/rotate.js">
      <metrics statements="4" coveredstatements="4" conditionals="0" coveredconditionals="0" methods="6" coveredmethods="6"/>
      <line num="3" count="3" type="stmt"/>
      <line num="4" count="30" type="stmt"/>
      <line num="7" count="3" type="stmt"/>
      <line num="8" count="18" type="stmt"/>
    </file>
    <file name="shape.js" path="/home/richard/Desktop/rjmacarthy/machine-learning/cognative/lib/shape.js">
      <metrics statements="1" coveredstatements="1" conditionals="0" coveredconditionals="0" methods="1" coveredmethods="1"/>
      <line num="5" count="1" type="stmt"/>
    </file>
  </project>
</coverage>
