{"/home/richard/Desktop/rjmacarthy/machine-learning/cognative/lib/base.js": {"path":"/home/richard/Desktop/rjmacarthy/machine-learning/cognative/lib/base.js","statementMap":{"0":{"start":{"line":4,"column":2},"end":{"line":6,"column":47}},"1":{"start":{"line":5,"column":4},"end":{"line":6,"column":47}},"2":{"start":{"line":6,"column":6},"end":{"line":6,"column":47}},"3":{"start":{"line":6,"column":33},"end":{"line":6,"column":40}},"4":{"start":{"line":8,"column":22},"end":{"line":12,"column":3}},"5":{"start":{"line":9,"column":2},"end":{"line":12,"column":3}},"6":{"start":{"line":11,"column":25},"end":{"line":11,"column":40}}},"fnMap":{"0":{"name":"(anonymous_0)","decl":{"start":{"line":4,"column":2},"end":{"line":4,"column":3}},"loc":{"start":{"line":5,"column":4},"end":{"line":6,"column":47}},"line":5},"1":{"name":"(anonymous_1)","decl":{"start":{"line":5,"column":4},"end":{"line":5,"column":5}},"loc":{"start":{"line":6,"column":6},"end":{"line":6,"column":47}},"line":6},"2":{"name":"(anonymous_2)","decl":{"start":{"line":6,"column":20},"end":{"line":6,"column":21}},"loc":{"start":{"line":6,"column":33},"end":{"line":6,"column":40}},"line":6},"3":{"name":"(anonymous_3)","decl":{"start":{"line":8,"column":22},"end":{"line":8,"column":23}},"loc":{"start":{"line":9,"column":2},"end":{"line":12,"column":3}},"line":9},"4":{"name":"(anonymous_4)","decl":{"start":{"line":11,"column":14},"end":{"line":11,"column":15}},"loc":{"start":{"line":11,"column":25},"end":{"line":11,"column":40}},"line":11}},"branchMap":{},"s":{"0":2,"1":4,"2":4,"3":11,"4":2,"5":4,"6":12},"f":{"0":4,"1":4,"2":11,"3":4,"4":12},"b":{},"_coverageSchema":"1a1c01bbd47fc00a2c39e90264f33305004495a9","hash":"e698dbf62d7a38053a823d28c5828ae026074e51"}
,"/home/richard/Desktop/rjmacarthy/machine-learning/cognative/lib/math.js": {"path":"/home/richard/Desktop/rjmacarthy/machine-learning/cognative/lib/math.js","statementMap":{"0":{"start":{"line":6,"column":15},"end":{"line":6,"column":56}},"1":{"start":{"line":6,"column":33},"end":{"line":6,"column":55}},"2":{"start":{"line":8,"column":20},"end":{"line":13,"column":6}},"3":{"start":{"line":9,"column":2},"end":{"line":13,"column":6}},"4":{"start":{"line":11,"column":11},"end":{"line":11,"column":69}},"5":{"start":{"line":11,"column":29},"end":{"line":11,"column":68}},"6":{"start":{"line":11,"column":45},"end":{"line":11,"column":67}},"7":{"start":{"line":15,"column":20},"end":{"line":20,"column":6}},"8":{"start":{"line":16,"column":2},"end":{"line":20,"column":6}},"9":{"start":{"line":18,"column":11},"end":{"line":18,"column":60}},"10":{"start":{"line":18,"column":29},"end":{"line":18,"column":59}},"11":{"start":{"line":18,"column":46},"end":{"line":18,"column":58}},"12":{"start":{"line":22,"column":22},"end":{"line":29,"column":6}},"13":{"start":{"line":23,"column":2},"end":{"line":29,"column":6}},"14":{"start":{"line":24,"column":4},"end":{"line":28,"column":5}},"15":{"start":{"line":25,"column":6},"end":{"line":27,"column":7}},"16":{"start":{"line":26,"column":32},"end":{"line":26,"column":74}}},"fnMap":{"0":{"name":"(anonymous_0)","decl":{"start":{"line":6,"column":25},"end":{"line":6,"column":26}},"loc":{"start":{"line":6,"column":33},"end":{"line":6,"column":55}},"line":6},"1":{"name":"(anonymous_1)","decl":{"start":{"line":8,"column":20},"end":{"line":8,"column":21}},"loc":{"start":{"line":9,"column":2},"end":{"line":13,"column":6}},"line":9},"2":{"name":"(anonymous_2)","decl":{"start":{"line":11,"column":4},"end":{"line":11,"column":5}},"loc":{"start":{"line":11,"column":11},"end":{"line":11,"column":69}},"line":11},"3":{"name":"(anonymous_3)","decl":{"start":{"line":11,"column":21},"end":{"line":11,"column":22}},"loc":{"start":{"line":11,"column":29},"end":{"line":11,"column":68}},"line":11},"4":{"name":"(anonymous_4)","decl":{"start":{"line":11,"column":39},"end":{"line":11,"column":40}},"loc":{"start":{"line":11,"column":45},"end":{"line":11,"column":67}},"line":11},"5":{"name":"(anonymous_5)","decl":{"start":{"line":15,"column":20},"end":{"line":15,"column":21}},"loc":{"start":{"line":16,"column":2},"end":{"line":20,"column":6}},"line":16},"6":{"name":"(anonymous_6)","decl":{"start":{"line":18,"column":4},"end":{"line":18,"column":5}},"loc":{"start":{"line":18,"column":11},"end":{"line":18,"column":60}},"line":18},"7":{"name":"(anonymous_7)","decl":{"start":{"line":18,"column":21},"end":{"line":18,"column":22}},"loc":{"start":{"line":18,"column":29},"end":{"line":18,"column":59}},"line":18},"8":{"name":"(anonymous_8)","decl":{"start":{"line":18,"column":39},"end":{"line":18,"column":40}},"loc":{"start":{"line":18,"column":46},"end":{"line":18,"column":58}},"line":18},"9":{"name":"(anonymous_9)","decl":{"start":{"line":22,"column":22},"end":{"line":22,"column":23}},"loc":{"start":{"line":23,"column":2},"end":{"line":29,"column":6}},"line":23},"10":{"name":"(anonymous_10)","decl":{"start":{"line":23,"column":15},"end":{"line":23,"column":16}},"loc":{"start":{"line":24,"column":4},"end":{"line":28,"column":5}},"line":24},"11":{"name":"(anonymous_11)","decl":{"start":{"line":24,"column":14},"end":{"line":24,"column":15}},"loc":{"start":{"line":25,"column":6},"end":{"line":27,"column":7}},"line":25},"12":{"name":"(anonymous_12)","decl":{"start":{"line":26,"column":25},"end":{"line":26,"column":26}},"loc":{"start":{"line":26,"column":32},"end":{"line":26,"column":74}},"line":26}},"branchMap":{},"s":{"0":1,"1":6,"2":1,"3":1,"4":1,"5":3,"6":6,"7":1,"8":1,"9":1,"10":3,"11":6,"12":1,"13":1,"14":1,"15":3,"16":6},"f":{"0":6,"1":1,"2":1,"3":3,"4":6,"5":1,"6":1,"7":3,"8":6,"9":1,"10":1,"11":3,"12":6},"b":{},"_coverageSchema":"1a1c01bbd47fc00a2c39e90264f33305004495a9","hash":"68cbf6709161228185eb10dad0bf3515c798bb91"}
,"/home/richard/Desktop/rjmacarthy/machine-learning/cognative/lib/rotate.js": {"path":"/home/richard/Desktop/rjmacarthy/machine-learning/cognative/lib/rotate.js","statementMap":{"0":{"start":{"line":3,"column":19},"end":{"line":5,"column":1}},"1":{"start":{"line":4,"column":2},"end":{"line":4,"column":64}},"2":{"start":{"line":4,"column":31},"end":{"line":4,"column":63}},"3":{"start":{"line":4,"column":57},"end":{"line":4,"column":61}},"4":{"start":{"line":7,"column":20},"end":{"line":9,"column":1}},"5":{"start":{"line":8,"column":2},"end":{"line":8,"column":69}},"6":{"start":{"line":8,"column":31},"end":{"line":8,"column":68}},"7":{"start":{"line":8,"column":47},"end":{"line":8,"column":67}}},"fnMap":{"0":{"name":"(anonymous_0)","decl":{"start":{"line":3,"column":29},"end":{"line":3,"column":30}},"loc":{"start":{"line":4,"column":2},"end":{"line":4,"column":64}},"line":4},"1":{"name":"(anonymous_1)","decl":{"start":{"line":4,"column":20},"end":{"line":4,"column":21}},"loc":{"start":{"line":4,"column":31},"end":{"line":4,"column":63}},"line":4},"2":{"name":"(anonymous_2)","decl":{"start":{"line":4,"column":50},"end":{"line":4,"column":51}},"loc":{"start":{"line":4,"column":57},"end":{"line":4,"column":61}},"line":4},"3":{"name":"(anonymous_3)","decl":{"start":{"line":7,"column":30},"end":{"line":7,"column":31}},"loc":{"start":{"line":8,"column":2},"end":{"line":8,"column":69}},"line":8},"4":{"name":"(anonymous_4)","decl":{"start":{"line":8,"column":20},"end":{"line":8,"column":21}},"loc":{"start":{"line":8,"column":31},"end":{"line":8,"column":68}},"line":8},"5":{"name":"(anonymous_5)","decl":{"start":{"line":8,"column":40},"end":{"line":8,"column":41}},"loc":{"start":{"line":8,"column":47},"end":{"line":8,"column":67}},"line":8}},"branchMap":{},"s":{"0":3,"1":5,"2":15,"3":30,"4":3,"5":3,"6":6,"7":18},"f":{"0":5,"1":15,"2":30,"3":3,"4":6,"5":18},"b":{},"_coverageSchema":"1a1c01bbd47fc00a2c39e90264f33305004495a9","hash":"f40391a2484bc006b29b589ecd2acd78fed2ffa2"}
,"/home/richard/Desktop/rjmacarthy/machine-learning/cognative/lib/shape.js": {"path":"/home/richard/Desktop/rjmacarthy/machine-learning/cognative/lib/shape.js","statementMap":{"0":{"start":{"line":5,"column":21},"end":{"line":5,"column":66}},"1":{"start":{"line":5,"column":38},"end":{"line":5,"column":65}}},"fnMap":{"0":{"name":"(anonymous_0)","decl":{"start":{"line":5,"column":31},"end":{"line":5,"column":32}},"loc":{"start":{"line":5,"column":38},"end":{"line":5,"column":65}},"line":5}},"branchMap":{},"s":{"0":1,"1":1},"f":{"0":1},"b":{},"_coverageSchema":"1a1c01bbd47fc00a2c39e90264f33305004495a9","hash":"59e316f9476ac8ade936b1c6e5bc381c3d7636f3"}
}
