TN:
SF:lib/base.js
FN:4,(anonymous_0)
FN:5,(anonymous_1)
FN:6,(anonymous_2)
FN:8,(anonymous_3)
FN:11,(anonymous_4)
FNF:5
FNH:5
FNDA:4,(anonymous_0)
FNDA:4,(anonymous_1)
FNDA:11,(anonymous_2)
FNDA:4,(anonymous_3)
FNDA:12,(anonymous_4)
DA:4,2
DA:5,4
DA:6,11
DA:8,2
DA:9,4
DA:11,12
LF:6
LH:6
BRF:0
BRH:0
end_of_record
TN:
SF:lib/math.js
FN:6,(anonymous_0)
FN:8,(anonymous_1)
FN:11,(anonymous_2)
FN:11,(anonymous_3)
FN:11,(anonymous_4)
FN:15,(anonymous_5)
FN:18,(anonymous_6)
FN:18,(anonymous_7)
FN:18,(anonymous_8)
FN:22,(anonymous_9)
FN:23,(anonymous_10)
FN:24,(anonymous_11)
FN:26,(anonymous_12)
FNF:13
FNH:13
FNDA:6,(anonymous_0)
FNDA:1,(anonymous_1)
FNDA:1,(anonymous_2)
FNDA:3,(anonymous_3)
FNDA:6,(anonymous_4)
FNDA:1,(anonymous_5)
FNDA:1,(anonymous_6)
FNDA:3,(anonymous_7)
FNDA:6,(anonymous_8)
FNDA:1,(anonymous_9)
FNDA:1,(anonymous_10)
FNDA:3,(anonymous_11)
FNDA:6,(anonymous_12)
DA:6,6
DA:8,1
DA:9,1
DA:11,6
DA:15,1
DA:16,1
DA:18,6
DA:22,1
DA:23,1
DA:24,1
DA:25,3
DA:26,6
LF:12
LH:12
BRF:0
BRH:0
end_of_record
TN:
SF:lib/rotate.js
FN:3,(anonymous_0)
FN:4,(anonymous_1)
FN:4,(anonymous_2)
FN:7,(anonymous_3)
FN:8,(anonymous_4)
FN:8,(anonymous_5)
FNF:6
FNH:6
FNDA:5,(anonymous_0)
FNDA:15,(anonymous_1)
FNDA:30,(anonymous_2)
FNDA:3,(anonymous_3)
FNDA:6,(anonymous_4)
FNDA:18,(anonymous_5)
DA:3,3
DA:4,30
DA:7,3
DA:8,18
LF:4
LH:4
BRF:0
BRH:0
end_of_record
TN:
SF:lib/shape.js
FN:5,(anonymous_0)
FNF:1
FNH:1
FNDA:1,(anonymous_0)
DA:5,1
LF:1
LH:1
BRF:0
BRH:0
end_of_record
